dojo.js:1 
        
        
       GET https://boardgamearena.com/8/liverpoolrummy/liverpoolrummy/liverpool.html?player_id=86675870&lock=8c80ad83-5c03-4c09-8f59-919f7cc6067f&table=594260906&noerrortracking=true&dojo.preventCache=1732658085653 500 (Internal Server Error)
h @ dojo.js:1
e.xhr @ dojo.js:1
e.xhrGet @ dojo.js:1
ajaxcall @ ly_studio.js:1
l @ dojo.js:1
ajaxcall @ ly_studio.js:1
onLiverpoolButton @ liverpoolrummy.js:1
(anonymous) @ liverpoolrummy?table=594260906:2360
(anonymous) @ dojo.js:1
ly_studio.js:1 HTTP code 500 liverpoolrummy/liverpoolrummy/liverpool.html
(anonymous) @ ly_studio.js:1
(anonymous) @ dojo.js:1
(anonymous) @ dojo.js:1
y @ dojo.js:1
v @ dojo.js:1
reject.errback @ dojo.js:1
y @ dojo.js:1
v @ dojo.js:1
reject.errback @ dojo.js:1
y @ dojo.js:1
v @ dojo.js:1
reject.errback @ dojo.js:1
(anonymous) @ dojo.js:1
u @ dojo.js:1
s @ dojo.js:1
g.reject @ dojo.js:1
l @ dojo.js:1
u @ dojo.js:1
s @ dojo.js:1
g.reject @ dojo.js:1
l @ dojo.js:1
u @ dojo.js:1
s @ dojo.js:1
g.reject @ dojo.js:1
l @ dojo.js:1
u @ dojo.js:1
s @ dojo.js:1
g.reject @ dojo.js:1
l @ dojo.js:1
u @ dojo.js:1
s @ dojo.js:1
g.reject @ dojo.js:1
l @ dojo.js:1
i @ dojo.js:1
load
s @ dojo.js:1
h @ dojo.js:1
e.xhr @ dojo.js:1
e.xhrGet @ dojo.js:1
ajaxcall @ ly_studio.js:1
l @ dojo.js:1
ajaxcall @ ly_studio.js:1
onLiverpoolButton @ liverpoolrummy.js:1
(anonymous) @ liverpoolrummy?table=594260906:2360
(anonymous) @ dojo.js:1
dojo.js:1 i {message: 'Unable to load liverpoolrummy/liverpoolrummy/liver…=true&dojo.preventCache=1732658085653 status: 500', response: {…}, status: 500, responseText: '', xhr: XMLHttpRequest, …}message: "Unable to load liverpoolrummy/liverpoolrummy/liverpool.html?player_id=86675870&lock=8c80ad83-5c03-4c09-8f59-919f7cc6067f&table=594260906&noerrortracking=true&dojo.preventCache=1732658085653 status: 500"response: data: ""getHeader: ƒ f(e)options: e {handleAs: 'text', timeout: 20000, ioArgs: {…}, headers: {…}}status: 500text: ""url: "liverpoolrummy/liverpoolrummy/liverpool.html?player_id=86675870&lock=8c80ad83-5c03-4c09-8f59-919f7cc6067f&table=594260906&noerrortracking=true&dojo.preventCache=1732658085653"xhr: XMLHttpRequest {onreadystatechange: null, readyState: 4, timeout: 0, withCredentials: false, upload: XMLHttpRequestUpload, …}[[Prototype]]: ObjectresponseText: ""status: 500xhr: XMLHttpRequest {onreadystatechange: null, readyState: 4, timeout: 0, withCredentials: false, upload: XMLHttpRequestUpload, …}stack: "Error: Unable to load liverpoolrummy/liverpoolrummy/liverpool.html?player_id=86675870&lock=8c80ad83-5c03-4c09-8f59-919f7cc6067f&table=594260906&noerrortracking=true&dojo.preventCache=1732658085653 status: 500\n    at new i (https://x.boardgamearena.net/data/themereleases/241126-0953/js/dojoroot/dojo/dojo.js:1:60579)\n    at f.l [as handleResponse] (https://x.boardgamearena.net/data/themereleases/241126-0953/js/dojoroot/dojo/dojo.js:1:96000)\n    at XMLHttpRequest.i (https://x.boardgamearena.net/data/themereleases/241126-0953/js/dojoroot/dojo/dojo.js:1:96200)"[[Prototype]]: Error
b @ dojo.js:1
(anonymous) @ dojo.js:1
y @ dojo.js:1
v @ dojo.js:1
reject.errback @ dojo.js:1
y @ dojo.js:1
v @ dojo.js:1
reject.errback @ dojo.js:1
y @ dojo.js:1
v @ dojo.js:1
reject.errback @ dojo.js:1
y @ dojo.js:1
v @ dojo.js:1
reject.errback @ dojo.js:1
y @ dojo.js:1
v @ dojo.js:1
reject.errback @ dojo.js:1
(anonymous) @ dojo.js:1
u @ dojo.js:1
s @ dojo.js:1
g.reject @ dojo.js:1
l @ dojo.js:1
u @ dojo.js:1
s @ dojo.js:1
g.reject @ dojo.js:1
l @ dojo.js:1
u @ dojo.js:1
s @ dojo.js:1
g.reject @ dojo.js:1
l @ dojo.js:1
u @ dojo.js:1
s @ dojo.js:1
g.reject @ dojo.js:1
l @ dojo.js:1
u @ dojo.js:1
s @ dojo.js:1
g.reject @ dojo.js:1
l @ dojo.js:1
i @ dojo.js:1
load
s @ dojo.js:1
h @ dojo.js:1
e.xhr @ dojo.js:1
e.xhrGet @ dojo.js:1
ajaxcall @ ly_studio.js:1
l @ dojo.js:1
ajaxcall @ ly_studio.js:1
onLiverpoolButton @ liverpoolrummy.js:1
(anonymous) @ liverpoolrummy?table=594260906:2360
(anonymous) @ dojo.js:1
[Violation] Forced reflow while executing JavaScript took 43ms
